\BOOKMARK [0][-]{chapter.1}{Kid's activity}{}% 1
\BOOKMARK [1][-]{section.1.1}{Minecraft Pi Edition}{chapter.1}% 2
\BOOKMARK [1][-]{section.1.2}{Pygame}{chapter.1}% 3
\BOOKMARK [1][-]{section.1.3}{Python Games}{chapter.1}% 4
\BOOKMARK [1][-]{section.1.4}{Scratch}{chapter.1}% 5
\BOOKMARK [0][-]{chapter.2}{Hardware}{}% 6
\BOOKMARK [1][-]{section.2.1}{Raspberry Pi}{chapter.2}% 7
\BOOKMARK [1][-]{section.2.2}{Arduino}{chapter.2}% 8
\BOOKMARK [0][-]{chapter.3}{Programming language}{}% 9
\BOOKMARK [1][-]{section.3.1}{Shell}{chapter.3}% 10
\BOOKMARK [1][-]{section.3.2}{Python}{chapter.3}% 11
\BOOKMARK [0][-]{chapter.4}{Editor}{}% 12
\BOOKMARK [1][-]{section.4.1}{Vi}{chapter.4}% 13
\BOOKMARK [1][-]{section.4.2}{VIM \(Vi IMproved\)}{chapter.4}% 14
\BOOKMARK [1][-]{section.4.3}{JOE \(Joe\220s Own Editor\)}{chapter.4}% 15
\BOOKMARK [1][-]{section.4.4}{NANO \(Nano\220s ANOther editor\)}{chapter.4}% 16
\BOOKMARK [0][-]{chapter.5}{System}{}% 17
\BOOKMARK [1][-]{section.5.1}{System Administration}{chapter.5}% 18
\BOOKMARK [1][-]{section.5.2}{Archive and Compression}{chapter.5}% 19
\BOOKMARK [1][-]{section.5.3}{Network}{chapter.5}% 20
\BOOKMARK [1][-]{section.5.4}{Daily Tools}{chapter.5}% 21
\BOOKMARK [1][-]{section.5.5}{Windows}{chapter.5}% 22
\BOOKMARK [0][-]{chapter.6}{Mathmatics}{}% 23
\BOOKMARK [1][-]{section.6.1}{Algebra}{chapter.6}% 24
\BOOKMARK [1][-]{section.6.2}{Geometry}{chapter.6}% 25
